<?xml version="1.0" encoding="UTF-8"?>
<!-- Generated by org.testng.reporters.JUnitReportReporter -->
<testsuite skipped="0" hostname="W1861746" name="TestNG.TestNgBasics" tests="3" failures="0" timestamp="2023-02-19T22:03:05 IST" time="0.013" errors="0">
  <testcase name="googlelogotest" time="0.008" classname="TestNG.TestNgBasics"/>
  <system-out/>
  <testcase name="googletitletest" time="0.003" classname="TestNG.TestNgBasics"/>
  <system-out/>
  <testcase name="searchtest" time="0.002" classname="TestNG.TestNgBasics"/>
  <system-out/>
</testsuite> <!-- TestNG.TestNgBasics -->
