<?xml version="1.0" encoding="UTF-8"?>
<!-- Generated by org.testng.reporters.JUnitReportReporter -->
<testsuite skipped="0" hostname="W1861746" name="TestNG_NAL.ParametersTest" tests="1" failures="0" timestamp="2023-02-28T08:58:47 IST" time="13.999" errors="0">
  <testcase name="yaohoologintest" time="13.999" classname="TestNG_NAL.ParametersTest"/>
  <system-out/>
</testsuite> <!-- TestNG_NAL.ParametersTest -->
