<?xml version="1.0" encoding="UTF-8"?>
<!-- Generated by org.testng.reporters.JUnitReportReporter -->
<testsuite skipped="0" hostname="W1861746" name="TestNG_NAL.DependsonMethod" tests="4" failures="0" timestamp="2023-02-28T08:58:47 IST" time="3.512" errors="0">
  <testcase name="gettitle" time="0.056" classname="TestNG_NAL.DependsonMethod"/>
  <system-out/>
  <testcase name="getURL" time="0.100" classname="TestNG_NAL.DependsonMethod"/>
  <system-out/>
  <testcase name="login" time="0.003" classname="TestNG_NAL.DependsonMethod"/>
  <system-out/>
  <testcase name="setup" time="3.353" classname="TestNG_NAL.DependsonMethod"/>
  <system-out/>
</testsuite> <!-- TestNG_NAL.DependsonMethod -->
