<?xml version="1.0" encoding="UTF-8"?>
<!-- Generated by org.testng.reporters.JUnitReportReporter -->
<testsuite skipped="1" hostname="W1861746" name="TestNG.day3" tests="6" failures="0" timestamp="2023-03-14T21:40:08 IST" time="0.029" errors="0">
  <testcase name="WebloginCarLoan" time="0.004" classname="TestNG.day3"/>
  <system-out/>
  <testcase name="MobilesignoutcarLoan" time="0.004" classname="TestNG.day3"/>
  <system-out/>
  <testcase name="MobileLogincarLoan" time="0.009" classname="TestNG.day3"/>
  <system-out/>
  <testcase name="MobilesignoutcarLoan" time="0.011" classname="TestNG.day3"/>
  <system-out/>
  <testcase name="MobilesignoutcarLoan" time="0.001" classname="TestNG.day3"/>
  <system-out/>
  <testcase name="MobilesignimcarLoan" classname="TestNG.day3">
    <skipped/>
  </testcase> <!-- MobilesignimcarLoan -->
  <system-out/>
</testsuite> <!-- TestNG.day3 -->
