<?xml version="1.0" encoding="UTF-8"?>
<!-- Generated by org.testng.reporters.JUnitReportReporter -->
<testsuite skipped="0" hostname="W1861746" name="TestNG_NAL.GoogleTest" tests="6" failures="0" timestamp="2023-02-28T08:58:47 IST" time="59.858" errors="0">
  <testcase name="gmailtest" time="9.328" classname="TestNG_NAL.GoogleTest"/>
  <system-out/>
  <testcase name="googletitletest" time="12.469" classname="TestNG_NAL.GoogleTest"/>
  <system-out/>
  <testcase name="googleURLtest" time="8.965" classname="TestNG_NAL.GoogleTest"/>
  <system-out/>
  <testcase name="Test1" time="7.942" classname="TestNG_NAL.GoogleTest"/>
  <system-out/>
  <testcase name="Test2" time="9.537" classname="TestNG_NAL.GoogleTest"/>
  <system-out/>
  <testcase name="Test3" time="11.617" classname="TestNG_NAL.GoogleTest"/>
  <system-out/>
</testsuite> <!-- TestNG_NAL.GoogleTest -->
