<?xml version="1.0" encoding="UTF-8"?>
<!-- Generated by org.testng.reporters.JUnitReportReporter -->
<testsuite skipped="0" hostname="W1861746" name="TestNG_NAL.ExpectedExceptions" tests="2" failures="0" timestamp="2023-02-28T08:58:47 IST" time="0.004" errors="0">
  <testcase name="expectedexcep_1" time="0.002" classname="TestNG_NAL.ExpectedExceptions"/>
  <system-out/>
  <testcase name="expectedexcep_2" time="0.002" classname="TestNG_NAL.ExpectedExceptions"/>
  <system-out/>
</testsuite> <!-- TestNG_NAL.ExpectedExceptions -->
