<?xml version="1.0" encoding="UTF-8"?>
<!-- Generated by org.testng.reporters.JUnitReportReporter -->
<testsuite skipped="0" hostname="W1861746" name="TestNG_NAL.TestNgBasics" tests="3" failures="0" timestamp="2023-02-28T08:58:47 IST" time="0.017" errors="0">
  <testcase name="searchtest" time="0.004" classname="TestNG_NAL.TestNgBasics"/>
  <system-out/>
  <testcase name="googletitletest" time="0.008" classname="TestNG_NAL.TestNgBasics"/>
  <system-out/>
  <testcase name="googlelogotest" time="0.005" classname="TestNG_NAL.TestNgBasics"/>
  <system-out/>
</testsuite> <!-- TestNG_NAL.TestNgBasics -->
