<?xml version="1.0" encoding="UTF-8"?>
<!-- Generated by org.testng.reporters.JUnitReportReporter -->
<testsuite skipped="0" hostname="W1861746" name="TestNG_NAL.InvocationCount" tests="2" failures="0" timestamp="2023-02-28T08:58:47 IST" time="3.061" errors="0">
  <testcase name="countinginvocation" time="3.017" classname="TestNG_NAL.InvocationCount"/>
  <system-out/>
  <testcase name="setup" time="0.044" classname="TestNG_NAL.InvocationCount"/>
  <system-out/>
</testsuite> <!-- TestNG_NAL.InvocationCount -->
