<?xml version="1.0" encoding="UTF-8"?>
<!-- Generated by org.testng.reporters.JUnitReportReporter -->
<testsuite skipped="0" hostname="W1861746" name="TestNG.day2" tests="1" failures="0" timestamp="2023-03-14T21:40:08 IST" time="0.002" errors="0">
  <testcase name="ploan" time="0.002" classname="TestNG.day2"/>
  <system-out/>
</testsuite> <!-- TestNG.day2 -->
